<?xml version="1.0" encoding="UTF-8"?>
<testsuite xmlns:xsi="http://www.w3.org/2001/XMLSchema-instance" xsi:noNamespaceSchemaLocation="https://maven.apache.org/surefire/maven-surefire-plugin/xsd/surefire-test-report.xsd" name="com.example.CalculadoraTest" time="1.257" tests="5" errors="0" skipped="0" failures="0">
  <properties>
[...]
</properties>
  <testcase name="testResta" classname="com.example.CalculadoraTest" time="0.2"/>
  <testcase name="testSuma" classname="com.example.CalculadoraTest" time="0.172"/>
  <testcase name="testMultiplicacion" classname="com.example.CalculadoraTest" time="0.31"/>
  <testcase name="testDivisionPorCero" classname="com.example.CalculadoraTest" time="0.213"/>
  <testcase name="testDivision" classname="com.example.CalculadoraTest" time="0.127"/>
</testsuite>