<?xml version="1.0" encoding="UTF-8"?>
<testsuite xmlns:xsi="http://www.w3.org/2001/XMLSchema-instance" xsi:noNamespaceSchemaLocation="https://maven.apache.org/surefire/maven-surefire-plugin/xsd/surefire-test-report.xsd" name="com.example.PersonaTest" time="0.009" tests="3" errors="0" skipped="0" failures="0">
  <properties>
[...]
</properties>
  <testcase name="testEncapsulamiento" classname="com.example.PersonaTest" time="0.002"/>
  <testcase name="testPolimorfismo" classname="com.example.PersonaTest" time="0.002"/>
  <testcase name="testHerencia" classname="com.example.PersonaTest" time="0.003"/>
</testsuite>